Flow report for DSDAssingnment4
Mon Oct  6 13:11:23 2025
Quartus Prime Version 23.1std.0 Build 991 11/28/2023 SC Lite Edition


---------------------
; Table of Contents ;
---------------------
  1. Legal Notice
  2. Flow Summary
  3. Flow Settings
  4. Flow Non-Default Global Settings
  5. Flow Elapsed Time
  6. Flow OS Summary
  7. Flow Log
  8. Flow Messages
  9. Flow Suppressed Messages



----------------
; Legal Notice ;
----------------
Copyright (C) 2023  Intel Corporation. All rights reserved.
Your use of Intel Corporation's design tools, logic functions 
and other software and tools, and any partner logic 
functions, and any output files from any of the foregoing 
(including device programming or simulation files), and any 
associated documentation or information are expressly subject 
to the terms and conditions of the Intel Program License 
Subscription Agreement, the Intel Quartus Prime License Agreement,
the Intel FPGA IP License Agreement, or other applicable license
agreement, including, without limitation, that your use is for
the sole purpose of programming logic devices manufactured by
Intel and sold by Intel or its authorized distributors.  Please
refer to the applicable agreement for further details, at
https://fpgasoftware.intel.com/eula.



+----------------------------------------------------------------------------------+
; Flow Summary                                                                     ;
+---------------------------------+------------------------------------------------+
; Flow Status                     ; Successful - Mon Oct  6 13:11:23 2025          ;
; Quartus Prime Version           ; 23.1std.0 Build 991 11/28/2023 SC Lite Edition ;
; Revision Name                   ; DSDAssingnment4                                ;
; Top-level Entity Name           ; lfsr                                           ;
; Family                          ; Cyclone V                                      ;
; Device                          ; 5CGXFC7C7F23C8                                 ;
; Timing Models                   ; Final                                          ;
; Logic utilization (in ALMs)     ; 4 / 56,480 ( < 1 % )                           ;
; Total registers                 ; 5                                              ;
; Total pins                      ; 7 / 268 ( 3 % )                                ;
; Total virtual pins              ; 0                                              ;
; Total block memory bits         ; 0 / 7,024,640 ( 0 % )                          ;
; Total DSP Blocks                ; 0 / 156 ( 0 % )                                ;
; Total HSSI RX PCSs              ; 0 / 6 ( 0 % )                                  ;
; Total HSSI PMA RX Deserializers ; 0 / 6 ( 0 % )                                  ;
; Total HSSI TX PCSs              ; 0 / 6 ( 0 % )                                  ;
; Total HSSI PMA TX Serializers   ; 0 / 6 ( 0 % )                                  ;
; Total PLLs                      ; 0 / 13 ( 0 % )                                 ;
; Total DLLs                      ; 0 / 4 ( 0 % )                                  ;
+---------------------------------+------------------------------------------------+


+-----------------------------------------+
; Flow Settings                           ;
+-------------------+---------------------+
; Option            ; Setting             ;
+-------------------+---------------------+
; Start date & time ; 10/06/2025 13:08:08 ;
; Main task         ; Compilation         ;
; Revision Name     ; DSDAssingnment4     ;
+-------------------+---------------------+


+---------------------------------------------------------------------------------------------------------------------------+
; Flow Non-Default Global Settings                                                                                          ;
+-------------------------------------+----------------------------------------+-----------------+-------------+------------+
; Assignment Name                     ; Value                                  ; Default Value   ; Entity Name ; Section Id ;
+-------------------------------------+----------------------------------------+-----------------+-------------+------------+
; COMPILER_SIGNATURE_ID               ; 189891245506144.175977048806172        ; --              ; --          ; --         ;
; MAX_CORE_JUNCTION_TEMP              ; 85                                     ; --              ; --          ; --         ;
; MIN_CORE_JUNCTION_TEMP              ; 0                                      ; --              ; --          ; --         ;
; PARTITION_COLOR                     ; -- (Not supported for targeted family) ; --              ; lfsr        ; Top        ;
; PARTITION_FITTER_PRESERVATION_LEVEL ; -- (Not supported for targeted family) ; --              ; lfsr        ; Top        ;
; PARTITION_NETLIST_TYPE              ; -- (Not supported for targeted family) ; --              ; lfsr        ; Top        ;
; POWER_BOARD_THERMAL_MODEL           ; None (CONSERVATIVE)                    ; --              ; --          ; --         ;
; POWER_PRESET_COOLING_SOLUTION       ; 23 MM HEAT SINK WITH 200 LFPM AIRFLOW  ; --              ; --          ; --         ;
; TOP_LEVEL_ENTITY                    ; lfsr                                   ; DSDAssingnment4 ; --          ; --         ;
+-------------------------------------+----------------------------------------+-----------------+-------------+------------+


+--------------------------------------------------------------------------------------------------------------------------+
; Flow Elapsed Time                                                                                                        ;
+----------------------+--------------+-------------------------+---------------------+------------------------------------+
; Module Name          ; Elapsed Time ; Average Processors Used ; Peak Virtual Memory ; Total CPU Time (on all processors) ;
+----------------------+--------------+-------------------------+---------------------+------------------------------------+
; Analysis & Synthesis ; 00:00:05     ; 1.0                     ; 4886 MB             ; 00:00:12                           ;
; Fitter               ; 00:00:28     ; 1.0                     ; 8228 MB             ; 00:03:12                           ;
; Assembler            ; 00:00:04     ; 1.0                     ; 5361 MB             ; 00:00:04                           ;
; Timing Analyzer      ; 00:00:03     ; 1.1                     ; 5434 MB             ; 00:00:03                           ;
; EDA Netlist Writer   ; 00:00:01     ; 1.0                     ; 4747 MB             ; 00:00:00                           ;
; EDA Netlist Writer   ; 00:00:01     ; 1.0                     ; 4764 MB             ; 00:00:00                           ;
; Total                ; 00:00:42     ; --                      ; --                  ; 00:03:31                           ;
+----------------------+--------------+-------------------------+---------------------+------------------------------------+


+------------------------------------------------------------------------------------+
; Flow OS Summary                                                                    ;
+----------------------+------------------+------------+------------+----------------+
; Module Name          ; Machine Hostname ; OS Name    ; OS Version ; Processor type ;
+----------------------+------------------+------------+------------+----------------+
; Analysis & Synthesis ; WH221-04         ; Windows 10 ; 10.0       ; x86_64         ;
; Fitter               ; WH221-04         ; Windows 10 ; 10.0       ; x86_64         ;
; Assembler            ; WH221-04         ; Windows 10 ; 10.0       ; x86_64         ;
; Timing Analyzer      ; WH221-04         ; Windows 10 ; 10.0       ; x86_64         ;
; EDA Netlist Writer   ; WH221-04         ; Windows 10 ; 10.0       ; x86_64         ;
; EDA Netlist Writer   ; WH221-04         ; Windows 10 ; 10.0       ; x86_64         ;
+----------------------+------------------+------------+------------+----------------+


------------
; Flow Log ;
------------
quartus_map --read_settings_files=on --write_settings_files=off DSDAssingnment4 -c DSDAssingnment4
quartus_fit --read_settings_files=off --write_settings_files=off DSDAssingnment4 -c DSDAssingnment4
quartus_asm --read_settings_files=off --write_settings_files=off DSDAssingnment4 -c DSDAssingnment4
quartus_sta DSDAssingnment4 -c DSDAssingnment4
quartus_eda --gen_testbench --tool=modelsim_oem --format=verilog --write_settings_files=off DSDAssingnment4 -c DSDAssingnment4 --vector_source=C:/Users/enslenc1/Documents/GitHub/Digital-System-Design/assignments/assignment4/Waveform8.vwf --testbench_file=C:/Users/enslenc1/Documents/GitHub/Digital-System-Design/assignments/assignment4/simulation/qsim/Waveform8.vwf.vt
quartus_eda --write_settings_files=off --simulation=on --functional=on --flatten_buses=off --tool=modelsim_oem --format=verilog --output_directory=C:/Users/enslenc1/Documents/GitHub/Digital-System-Design/assignments/assignment4/simulation/qsim/ DSDAssingnment4 -c DSDAssingnment4



